<?xml version="1.0" encoding="UTF-8"?>
<!-- Generated by org.testng.reporters.JUnitReportReporter -->
<testsuite skipped="0" hostname="LAPTOP-UK74CD8S" name="testing.productdetailstest" tests="1" failures="0" timestamp="30 Dec 2019 16:06:59 GMT" time="10.114" errors="0">
  <testcase name="details" time="10.114" classname="testing.productdetailstest"/>
</testsuite> <!-- testing.productdetailstest -->
