<?xml version="1.0" encoding="UTF-8"?>
<!-- Generated by org.testng.reporters.JUnitReportReporter -->
<testsuite skipped="0" hostname="LAPTOP-UK74CD8S" name="testing.dresstest" tests="4" failures="0" timestamp="03 Jan 2020 16:24:37 GMT" time="8.718" errors="0">
  <testcase name="cart" time="4.422" classname="testing.dresstest"/>
  <testcase name="displayed" time="0.249" classname="testing.dresstest"/>
  <testcase name="verifycount" time="0.070" classname="testing.dresstest"/>
  <testcase name="dess" time="3.977" classname="testing.dresstest"/>
</testsuite> <!-- testing.dresstest -->
