<?xml version="1.0" encoding="UTF-8"?>
<!-- Generated by org.testng.reporters.JUnitReportReporter -->
<testsuite skipped="0" hostname="LAPTOP-UK74CD8S" name="testing.automationtest" tests="4" failures="0" timestamp="28 Dec 2019 09:08:16 GMT" time="7.415" errors="0">
  <testcase name="women" time="1.374" classname="testing.automationtest"/>
  <testcase name="tshirt" time="1.216" classname="testing.automationtest"/>
  <testcase name="dress" time="1.237" classname="testing.automationtest"/>
  <testcase name="email" time="3.588" classname="testing.automationtest"/>
</testsuite> <!-- testing.automationtest -->
