<?xml version="1.0" encoding="UTF-8"?>
<!-- Generated by org.testng.reporters.JUnitReportReporter -->
<testsuite skipped="0" hostname="LAPTOP-UK74CD8S" name="testing.Hometest1" tests="4" failures="0" timestamp="08 Jan 2020 03:49:22 GMT" time="7.659" errors="0">
  <testcase name="women2" time="1.584" classname="testing.Hometest1"/>
  <testcase name="tshirts3" time="1.139" classname="testing.Hometest1"/>
  <testcase name="dress" time="1.250" classname="testing.Hometest1"/>
  <testcase name="email" time="3.686" classname="testing.Hometest1"/>
</testsuite> <!-- testing.Hometest1 -->
