<?xml version="1.0" encoding="UTF-8"?>
<!-- Generated by org.testng.reporters.JUnitReportReporter -->
<testsuite skipped="0" hostname="LAPTOP-UK74CD8S" name="testing.dresstest" tests="4" failures="0" timestamp="05 Jan 2020 13:31:23 GMT" time="8.889" errors="0">
  <testcase name="cart" time="4.909" classname="testing.dresstest"/>
  <testcase name="verifycount" time="0.066" classname="testing.dresstest"/>
  <testcase name="verifydis" time="0.165" classname="testing.dresstest"/>
  <testcase name="dess" time="3.749" classname="testing.dresstest"/>
</testsuite> <!-- testing.dresstest -->
