<?xml version="1.0" encoding="UTF-8"?>
<!-- Generated by org.testng.reporters.JUnitReportReporter -->
<testsuite skipped="0" hostname="LAPTOP-UK74CD8S" name="testing.Hometest" tests="4" failures="0" timestamp="06 Jan 2020 12:40:37 GMT" time="8.211" errors="0">
  <testcase name="women" time="1.497" classname="testing.Hometest"/>
  <testcase name="tshirts" time="1.213" classname="testing.Hometest"/>
  <testcase name="dress" time="1.182" classname="testing.Hometest"/>
  <testcase name="email" time="4.319" classname="testing.Hometest"/>
</testsuite> <!-- testing.Hometest -->
