<?xml version="1.0" encoding="UTF-8"?>
<!-- Generated by org.testng.reporters.JUnitReportReporter -->
<testsuite skipped="0" hostname="LAPTOP-UK74CD8S" name="testing.dresstest" tests="4" failures="0" timestamp="05 Jan 2020 14:10:27 GMT" time="9.003" errors="0">
  <testcase name="cart" time="4.484" classname="testing.dresstest"/>
  <testcase name="verifycount" time="0.150" classname="testing.dresstest"/>
  <testcase name="verifydisplay" time="0.248" classname="testing.dresstest"/>
  <testcase name="dess" time="4.121" classname="testing.dresstest"/>
</testsuite> <!-- testing.dresstest -->
